<?xml version="1.0" encoding="UTF-8"?>
<testng-results skipped="0" failed="1" ignored="0" total="7" passed="6">
  <reporter-output>
  </reporter-output>
  <suite name="Default suite" duration-ms="77117" started-at="2020-08-18T23:50:04 IST" finished-at="2020-08-18T23:51:21 IST">
    <groups>
    </groups>
    <test name="Default test" duration-ms="77117" started-at="2020-08-18T23:50:04 IST" finished-at="2020-08-18T23:51:21 IST">
      <class name="firsttestngpackage.AdminAutomation">
        <test-method status="PASS" signature="launchBrowser()[pri:0, instance:firsttestngpackage.AdminAutomation@61f8bee4]" name="launchBrowser" is-config="true" duration-ms="52555" started-at="2020-08-18T23:50:04 IST" finished-at="2020-08-18T23:50:56 IST">
          <reporter-output>
          </reporter-output>
        </test-method> <!-- launchBrowser -->
        <test-method status="PASS" signature="login_Pass()[pri:0, instance:firsttestngpackage.AdminAutomation@61f8bee4]" name="login_Pass" duration-ms="1269" started-at="2020-08-18T23:50:56 IST" finished-at="2020-08-18T23:50:58 IST">
          <reporter-output>
          </reporter-output>
        </test-method> <!-- login_Pass -->
        <test-method status="PASS" signature="useraccount_login_enabling()[pri:1, instance:firsttestngpackage.AdminAutomation@61f8bee4]" name="useraccount_login_enabling" duration-ms="709" started-at="2020-08-18T23:50:58 IST" finished-at="2020-08-18T23:50:58 IST">
          <reporter-output>
          </reporter-output>
        </test-method> <!-- useraccount_login_enabling -->
        <test-method status="PASS" signature="useraccount_features()[pri:2, instance:firsttestngpackage.AdminAutomation@61f8bee4]" name="useraccount_features" duration-ms="697" started-at="2020-08-18T23:50:58 IST" finished-at="2020-08-18T23:50:59 IST">
          <reporter-output>
          </reporter-output>
        </test-method> <!-- useraccount_features -->
        <test-method status="PASS" signature="authorization()[pri:3, instance:firsttestngpackage.AdminAutomation@61f8bee4]" name="authorization" duration-ms="724" started-at="2020-08-18T23:50:59 IST" finished-at="2020-08-18T23:51:00 IST">
          <reporter-output>
          </reporter-output>
        </test-method> <!-- authorization -->
        <test-method status="FAIL" signature="checkbookRequests()[pri:4, instance:firsttestngpackage.AdminAutomation@61f8bee4]" name="checkbookRequests" duration-ms="20411" started-at="2020-08-18T23:51:00 IST" finished-at="2020-08-18T23:51:20 IST">
          <exception class="org.openqa.selenium.NoSuchElementException">
            <message>
              <![CDATA[Unable to locate element: /html/body/app-root/app-checkbook-requests/table/tbody/tr[2]/td[7]/button
For documentation on this error, please visit: https://www.seleniumhq.org/exceptions/no_such_element.html
Build info: version: '3.141.59', revision: 'e82be7d358', time: '2018-11-14T08:25:48'
System info: host: 'DESKTOP-2VHP4PC', ip: '192.168.0.106', os.name: 'Windows 10', os.arch: 'amd64', os.version: '10.0', java.version: '1.8.0_231'
Driver info: org.openqa.selenium.firefox.FirefoxDriver
Capabilities {acceptInsecureCerts: true, browserName: firefox, browserVersion: 78.0.2, capabilities: {desiredCapabilities: {acceptInsecureCerts: true, browserName: firefox}}, javascriptEnabled: true, moz:accessibilityChecks: false, moz:buildID: 20200708170202, moz:headless: false, moz:processID: 16624, moz:profile: C:\Users\adish\AppData\Loca..., moz:shutdownTimeout: 60000, moz:useNonSpecCompliantPointerOrigin: false, moz:webdriverClick: true, pageLoadStrategy: normal, platform: WINDOWS, platformName: WINDOWS, platformVersion: 10.0, rotatable: false, setWindowRect: true, strictFileInteractability: false, timeouts: {implicit: 0, pageLoad: 300000, script: 30000}, unhandledPromptBehavior: dismiss and notify}
Session ID: 1c231f21-cefb-417a-a3a2-9f407060f68a
*** Element info: {Using=xpath, value=/html/body/app-root/app-checkbook-requests/table/tbody/tr[2]/td[7]/button}]]>
            </message>
            <full-stacktrace>
              <![CDATA[org.openqa.selenium.NoSuchElementException: Unable to locate element: /html/body/app-root/app-checkbook-requests/table/tbody/tr[2]/td[7]/button
For documentation on this error, please visit: https://www.seleniumhq.org/exceptions/no_such_element.html
Build info: version: '3.141.59', revision: 'e82be7d358', time: '2018-11-14T08:25:48'
System info: host: 'DESKTOP-2VHP4PC', ip: '192.168.0.106', os.name: 'Windows 10', os.arch: 'amd64', os.version: '10.0', java.version: '1.8.0_231'
Driver info: org.openqa.selenium.firefox.FirefoxDriver
Capabilities {acceptInsecureCerts: true, browserName: firefox, browserVersion: 78.0.2, capabilities: {desiredCapabilities: {acceptInsecureCerts: true, browserName: firefox}}, javascriptEnabled: true, moz:accessibilityChecks: false, moz:buildID: 20200708170202, moz:headless: false, moz:processID: 16624, moz:profile: C:\Users\adish\AppData\Loca..., moz:shutdownTimeout: 60000, moz:useNonSpecCompliantPointerOrigin: false, moz:webdriverClick: true, pageLoadStrategy: normal, platform: WINDOWS, platformName: WINDOWS, platformVersion: 10.0, rotatable: false, setWindowRect: true, strictFileInteractability: false, timeouts: {implicit: 0, pageLoad: 300000, script: 30000}, unhandledPromptBehavior: dismiss and notify}
Session ID: 1c231f21-cefb-417a-a3a2-9f407060f68a
*** Element info: {Using=xpath, value=/html/body/app-root/app-checkbook-requests/table/tbody/tr[2]/td[7]/button}
at sun.reflect.NativeConstructorAccessorImpl.newInstance0(Native Method)
at sun.reflect.NativeConstructorAccessorImpl.newInstance(Unknown Source)
at sun.reflect.DelegatingConstructorAccessorImpl.newInstance(Unknown Source)
at java.lang.reflect.Constructor.newInstance(Unknown Source)
at org.openqa.selenium.remote.http.W3CHttpResponseCodec.createException(W3CHttpResponseCodec.java:187)
at org.openqa.selenium.remote.http.W3CHttpResponseCodec.decode(W3CHttpResponseCodec.java:122)
at org.openqa.selenium.remote.http.W3CHttpResponseCodec.decode(W3CHttpResponseCodec.java:49)
at org.openqa.selenium.remote.HttpCommandExecutor.execute(HttpCommandExecutor.java:158)
at org.openqa.selenium.remote.service.DriverCommandExecutor.execute(DriverCommandExecutor.java:83)
at org.openqa.selenium.remote.RemoteWebDriver.execute(RemoteWebDriver.java:552)
at org.openqa.selenium.remote.RemoteWebDriver.findElement(RemoteWebDriver.java:323)
at org.openqa.selenium.remote.RemoteWebDriver.findElementByXPath(RemoteWebDriver.java:428)
at org.openqa.selenium.By$ByXPath.findElement(By.java:353)
at org.openqa.selenium.remote.RemoteWebDriver.findElement(RemoteWebDriver.java:315)
at firsttestngpackage.AdminAutomation.checkbookRequests(AdminAutomation.java:73)
at sun.reflect.NativeMethodAccessorImpl.invoke0(Native Method)
at sun.reflect.NativeMethodAccessorImpl.invoke(Unknown Source)
at sun.reflect.DelegatingMethodAccessorImpl.invoke(Unknown Source)
at java.lang.reflect.Method.invoke(Unknown Source)
at org.testng.internal.MethodInvocationHelper.invokeMethod(MethodInvocationHelper.java:135)
at org.testng.internal.TestInvoker.invokeMethod(TestInvoker.java:598)
at org.testng.internal.TestInvoker.invokeTestMethod(TestInvoker.java:174)
at org.testng.internal.MethodRunner.runInSequence(MethodRunner.java:46)
at org.testng.internal.TestInvoker$MethodInvocationAgent.invoke(TestInvoker.java:821)
at org.testng.internal.TestInvoker.invokeTestMethods(TestInvoker.java:147)
at org.testng.internal.TestMethodWorker.invokeTestMethods(TestMethodWorker.java:146)
at org.testng.internal.TestMethodWorker.run(TestMethodWorker.java:128)
at java.util.ArrayList.forEach(Unknown Source)
at org.testng.TestRunner.privateRun(TestRunner.java:767)
at org.testng.TestRunner.run(TestRunner.java:588)
at org.testng.SuiteRunner.runTest(SuiteRunner.java:384)
at org.testng.SuiteRunner.runSequentially(SuiteRunner.java:378)
at org.testng.SuiteRunner.privateRun(SuiteRunner.java:337)
at org.testng.SuiteRunner.run(SuiteRunner.java:286)
at org.testng.SuiteRunnerWorker.runSuite(SuiteRunnerWorker.java:53)
at org.testng.SuiteRunnerWorker.run(SuiteRunnerWorker.java:96)
at org.testng.TestNG.runSuitesSequentially(TestNG.java:1214)
at org.testng.TestNG.runSuitesLocally(TestNG.java:1136)
at org.testng.TestNG.runSuites(TestNG.java:1066)
at org.testng.TestNG.run(TestNG.java:1034)
at org.testng.remote.AbstractRemoteTestNG.run(AbstractRemoteTestNG.java:115)
at org.testng.remote.RemoteTestNG.initAndRun(RemoteTestNG.java:251)
at org.testng.remote.RemoteTestNG.main(RemoteTestNG.java:77)
]]>
            </full-stacktrace>
          </exception> <!-- org.openqa.selenium.NoSuchElementException -->
          <reporter-output>
          </reporter-output>
        </test-method> <!-- checkbookRequests -->
        <test-method status="PASS" signature="logout()[pri:5, instance:firsttestngpackage.AdminAutomation@61f8bee4]" name="logout" duration-ms="280" started-at="2020-08-18T23:51:20 IST" finished-at="2020-08-18T23:51:20 IST">
          <reporter-output>
          </reporter-output>
        </test-method> <!-- logout -->
        <test-method status="PASS" signature="login_Fail()[pri:6, instance:firsttestngpackage.AdminAutomation@61f8bee4]" name="login_Fail" duration-ms="375" started-at="2020-08-18T23:51:20 IST" finished-at="2020-08-18T23:51:21 IST">
          <reporter-output>
          </reporter-output>
        </test-method> <!-- login_Fail -->
      </class> <!-- firsttestngpackage.AdminAutomation -->
    </test> <!-- Default test -->
  </suite> <!-- Default suite -->
</testng-results>
